<?xml version="1.0" encoding="UTF-8"?>
<!-- Generated by org.testng.reporters.JUnitReportReporter -->
<testsuite hostname="DESKTOP-GDI61UJ" failures="2" tests="7" name="tests.Runner1$runner1" time="8.689" errors="0" timestamp="2023-02-21T16:53:55 IST" skipped="0">
  <testcase classname="tests.Runner1$runner1" name="runScenario" time="3.430"/>
  <system-out/>
  <testcase classname="tests.Runner1$runner1" name="runScenario" time="1.103">
    <failure message="expected [true] but found [false]" type="java.lang.AssertionError">
      <![CDATA[java.lang.AssertionError: expected [true] but found [false]
at org.testng.Assert.fail(Assert.java:99)
at org.testng.Assert.failNotEquals(Assert.java:1037)
at org.testng.Assert.assertTrue(Assert.java:45)
at org.testng.Assert.assertTrue(Assert.java:55)
at gluecode.StepDef2.method3(StepDef2.java:58)
at ✽.status code is "200" as per "duplicate" and content type is "application/json"(file:///D:/kashi/org.restAssured-BDD-cucumber-pico-container/src/test/resources/features/feature2.feature:27)
]]>
    </failure>
  </testcase> <!-- runScenario -->
  <system-out/>
  <testcase classname="tests.Runner1$runner1" name="runScenario" time="0.946"/>
  <system-out/>
  <testcase classname="tests.Runner1$runner1" name="runScenario" time="0.232"/>
  <system-out/>
  <testcase classname="tests.Runner1$runner1" name="runScenario" time="1.157"/>
  <system-out/>
  <testcase classname="tests.Runner1$runner1" name="runScenario" time="0.801"/>
  <system-out/>
  <testcase classname="tests.Runner1$runner1" name="runScenario" time="1.020">
    <failure message="expected [true] but found [false]" type="java.lang.AssertionError">
      <![CDATA[java.lang.AssertionError: expected [true] but found [false]
at org.testng.Assert.fail(Assert.java:99)
at org.testng.Assert.failNotEquals(Assert.java:1037)
at org.testng.Assert.assertTrue(Assert.java:45)
at org.testng.Assert.assertTrue(Assert.java:55)
at gluecode.StepDef2.method3(StepDef2.java:58)
at ✽.status code is "500" as per "wrong" and content type is "application/json"(file:///D:/kashi/org.restAssured-BDD-cucumber-pico-container/src/test/resources/features/feature2.feature:27)
]]>
    </failure>
  </testcase> <!-- runScenario -->
  <system-out/>
</testsuite> <!-- tests.Runner1$runner1 -->
